
**** Build of configuration Debug for project MSP-EXP432P401R_core ****

"C:\\ti\\ccsv7\\utils\\bin\\gmake" -k -j 4 all -O 
gmake: Nothing to be done for 'all'.

**** Build Finished ****

**** Build of configuration Debug for project SpeakerTest ****

"C:\\ti\\ccsv7\\utils\\bin\\gmake" -k -j 4 all -O 
'Building file: main.cpp'
'Invoking: GNU Compiler'
"C:/Users/cdgja/AppData/Local/Energia15/packages/energia/tools/arm-none-eabi-gcc/4.8.4-20140725/bin/arm-none-eabi-gcc.exe" -c -mcpu=cortex-m4 -march=armv7e-m -mthumb -mfloat-abi=hard -mfpu=fpv4-sp-d16 -fno-exceptions -Dxdc_target_types__=gnu/targets/arm/std.h -Dxdc_target_name__=M4F -Dxdc_cfg__xheader__=\"configPkg/package/cfg/energia_pm4fg.h\" -DTARGET_IS_MSP432P4XX -DBOARD_MSP_EXP432P401R -Dxdc__nolocalstring=1 -D__MSP432P401R__ -DCORE_VERSION=380 -DF_CPU=48000000L -DENERGIA_MSP_EXP432P401R -DENERGIA_ARCH_MSP432 -DENERGIA=18 -DARDUINO=10610 -I"C:/Users/cdgja/AppData/Local/Energia15/packages/energia/hardware/msp432/3.8.0/cores/msp432/ti/runtime/wiring/" -I"C:/Users/cdgja/AppData/Local/Energia15/packages/energia/hardware/msp432/3.8.0/cores/msp432/ti/runtime/wiring/msp432" -I"C:/Users/cdgja/AppData/Local/Energia15/packages/energia/hardware/msp432/3.8.0" -I"C:/Users/cdgja/AppData/Local/Energia15/packages/energia/hardware/msp432/3.8.0/system/driverlib/MSP432P4xx" -I"C:/Users/cdgja/AppData/Local/Energia15/packages/energia/hardware/msp432/3.8.0/system/driverlib" -I"C:/Users/cdgja/AppData/Local/Energia15/packages/energia/hardware/msp432/3.8.0/system/inc" -I"C:/Users/cdgja/AppData/Local/Energia15/packages/energia/hardware/msp432/3.8.0/system/inc/CMSIS/" -I"C:/Users/cdgja/AppData/Local/Energia15/packages/energia/hardware/msp432/3.8.0/system" -I"C:/Users/cdgja/AppData/Local/Energia15/packages/energia/hardware/msp432/3.8.0/cores/msp432" -I"C:/Users/cdgja/AppData/Local/Energia15/packages/energia/hardware/msp432/3.8.0/variants/MSP_EXP432P401R" -I"C:/Users/cdgja/Documents/University of Pittsburgh/COE 1188 Cyber Physical Systems/BopIt/Microcontroller/SpeakerTest" -I"C:/Users/cdgja/AppData/Local/Energia15/packages/energia/tools/arm-none-eabi-gcc/4.8.4-20140725/arm-none-eabi/include" -Os -ffunction-sections -fdata-sections -g -gdwarf-3 -gstrict-dwarf -w -Wall -mabi=aapcs -fno-threadsafe-statics -MMD -MP -MF"main.d" -MT"main.o" -fno-rtti -o"main.o"  "main.cpp"
'Finished building: main.cpp'
' '
'Building file: SpeakerTest.cpp'
'Invoking: GNU Compiler'
"C:/Users/cdgja/AppData/Local/Energia15/packages/energia/tools/arm-none-eabi-gcc/4.8.4-20140725/bin/arm-none-eabi-gcc.exe" -c -mcpu=cortex-m4 -march=armv7e-m -mthumb -mfloat-abi=hard -mfpu=fpv4-sp-d16 -fno-exceptions -Dxdc_target_types__=gnu/targets/arm/std.h -Dxdc_target_name__=M4F -Dxdc_cfg__xheader__=\"configPkg/package/cfg/energia_pm4fg.h\" -DTARGET_IS_MSP432P4XX -DBOARD_MSP_EXP432P401R -Dxdc__nolocalstring=1 -D__MSP432P401R__ -DCORE_VERSION=380 -DF_CPU=48000000L -DENERGIA_MSP_EXP432P401R -DENERGIA_ARCH_MSP432 -DENERGIA=18 -DARDUINO=10610 -I"C:/Users/cdgja/AppData/Local/Energia15/packages/energia/hardware/msp432/3.8.0/cores/msp432/ti/runtime/wiring/" -I"C:/Users/cdgja/AppData/Local/Energia15/packages/energia/hardware/msp432/3.8.0/cores/msp432/ti/runtime/wiring/msp432" -I"C:/Users/cdgja/AppData/Local/Energia15/packages/energia/hardware/msp432/3.8.0" -I"C:/Users/cdgja/AppData/Local/Energia15/packages/energia/hardware/msp432/3.8.0/system/driverlib/MSP432P4xx" -I"C:/Users/cdgja/AppData/Local/Energia15/packages/energia/hardware/msp432/3.8.0/system/driverlib" -I"C:/Users/cdgja/AppData/Local/Energia15/packages/energia/hardware/msp432/3.8.0/system/inc" -I"C:/Users/cdgja/AppData/Local/Energia15/packages/energia/hardware/msp432/3.8.0/system/inc/CMSIS/" -I"C:/Users/cdgja/AppData/Local/Energia15/packages/energia/hardware/msp432/3.8.0/system" -I"C:/Users/cdgja/AppData/Local/Energia15/packages/energia/hardware/msp432/3.8.0/cores/msp432" -I"C:/Users/cdgja/AppData/Local/Energia15/packages/energia/hardware/msp432/3.8.0/variants/MSP_EXP432P401R" -I"C:/Users/cdgja/Documents/University of Pittsburgh/COE 1188 Cyber Physical Systems/BopIt/Microcontroller/SpeakerTest" -I"C:/Users/cdgja/AppData/Local/Energia15/packages/energia/tools/arm-none-eabi-gcc/4.8.4-20140725/arm-none-eabi/include" -Os -ffunction-sections -fdata-sections -g -gdwarf-3 -gstrict-dwarf -w -Wall -mabi=aapcs -fno-threadsafe-statics -MMD -MP -MF"SpeakerTest.d" -MT"SpeakerTest.o" -fno-rtti -o"SpeakerTest.o"  "SpeakerTest.cpp"
'Finished building: SpeakerTest.cpp'
' '
'Building target: SpeakerTest.out'
'Invoking: GNU Linker'
"C:/Users/cdgja/AppData/Local/Energia15/packages/energia/tools/arm-none-eabi-gcc/4.8.4-20140725/bin/arm-none-eabi-gcc.exe" -fno-exceptions -Dxdc_target_types__=gnu/targets/arm/std.h -Dxdc_target_name__=M4F -Dxdc_cfg__xheader__=\"configPkg/package/cfg/energia_pm4fg.h\" -DTARGET_IS_MSP432P4XX -DBOARD_MSP_EXP432P401R -Dxdc__nolocalstring=1 -D__MSP432P401R__ -DCORE_VERSION=380 -DF_CPU=48000000L -DENERGIA_MSP_EXP432P401R -DENERGIA_ARCH_MSP432 -DENERGIA=18 -DARDUINO=10610 -Os -ffunction-sections -fdata-sections -g -gdwarf-3 -gstrict-dwarf -w -Wall -mabi=aapcs -fno-threadsafe-statics -march=armv7e-m -mthumb -mfloat-abi=hard -mfpu=fpv4-sp-d16 -Wl,-Map,"SpeakerTest.map" -nostartfiles -Wl,--gc-sections -L"C:/Users/cdgja/Documents/University of Pittsburgh/COE 1188 Cyber Physical Systems/BopIt/Microcontroller/MSP-EXP432P401R_core/Debug" -L"C:/Users/cdgja/AppData/Local/Energia15/packages/energia/hardware/msp432/3.8.0/cores/msp432" -L"C:/Users/cdgja/AppData/Local/Energia15/packages/energia/hardware/msp432/3.8.0/cores/msp432/ti/runtime/wiring/msp432" -L"C:/Users/cdgja/AppData/Local/Energia15/packages/energia/hardware/msp432/3.8.0/cores/msp432/ti/runtime/wiring/msp432/variants/MSP_EXP432P401R" -L"C:/Users/cdgja/AppData/Local/Energia15/packages/energia/hardware/msp432/3.8.0/cores/msp432/gnu/targets/arm/libs/install-native/arm-none-eabi/lib/armv7e-m/fpu" -L"C:/Users/cdgja/AppData/Local/Energia15/packages/energia/hardware/msp432/3.8.0/system/driverlib/MSP432P4xx/gcc" -Wl,--undefined,main -Os -Wl,--check-sections -o"SpeakerTest.out" "./main.o" "./SpeakerTest.o"  -Wl,--start-group -Wl,-T"C:/Users/cdgja/AppData/Local/Energia15/packages/energia/hardware/msp432/3.8.0/cores/msp432/ti/runtime/wiring/msp432/linker.cmd" -lMSP-EXP432P401R_core -l:msp432p4xx_driverlib.a -lstdc++ -lgcc -lc -lm -lnosys -Wl,--end-group 
'Finished building target: SpeakerTest.out'
' '

**** Build Finished ****

**** Build of configuration Debug for project MSP-EXP432P401R_core ****

"C:\\ti\\ccsv7\\utils\\bin\\gmake" -k -j 4 all -O 
gmake: Nothing to be done for 'all'.

**** Build Finished ****

**** Build of configuration Debug for project MSP-EXP432P401R_core ****

"C:\\ti\\ccsv7\\utils\\bin\\gmake" -k -j 4 all -O 
gmake: Nothing to be done for 'all'.

**** Build Finished ****

**** Build of configuration Debug for project SpeakerTest ****

"C:\\ti\\ccsv7\\utils\\bin\\gmake" -k -j 4 all -O 
gmake[1]: 'SpeakerTest.out' is up to date.

**** Build Finished ****
